c:\users\baek\source\repos\shutdown_v2\release\shutdown_v2.pch
c:\users\baek\source\repos\shutdown_v2\release\vc142.pdb
c:\users\baek\source\repos\shutdown_v2\release\pch.obj
c:\users\baek\source\repos\shutdown_v2\release\shutdown_v2dlg.obj
c:\users\baek\source\repos\shutdown_v2\release\shutdown_v2.obj
c:\users\baek\source\repos\shutdown_v2\release\shutdown_v2.exe
c:\users\baek\source\repos\shutdown_v2\release\shutdown_v2.pdb
c:\users\baek\source\repos\shutdown_v2\release\shutdownv2.res
c:\users\baek\source\repos\shutdown_v2\release\shutdown_v2.ipdb
c:\users\baek\source\repos\shutdown_v2\release\shutdown_v2.iobj
c:\users\baek\source\repos\shutdown_v2\release\shutdown_v2.tlog\cl.command.1.tlog
c:\users\baek\source\repos\shutdown_v2\release\shutdown_v2.tlog\cl.read.1.tlog
c:\users\baek\source\repos\shutdown_v2\release\shutdown_v2.tlog\cl.write.1.tlog
c:\users\baek\source\repos\shutdown_v2\release\shutdown_v2.tlog\link.command.1.tlog
c:\users\baek\source\repos\shutdown_v2\release\shutdown_v2.tlog\link.read.1.tlog
c:\users\baek\source\repos\shutdown_v2\release\shutdown_v2.tlog\link.write.1.tlog
c:\users\baek\source\repos\shutdown_v2\release\shutdown_v2.tlog\rc.command.1.tlog
c:\users\baek\source\repos\shutdown_v2\release\shutdown_v2.tlog\rc.read.1.tlog
c:\users\baek\source\repos\shutdown_v2\release\shutdown_v2.tlog\rc.write.1.tlog
c:\users\baek\source\repos\shutdown_v2\release\shutdown_v2.tlog\shutdown_v2.write.1u.tlog
